<?xml version="1.0" encoding="UTF-8"?>
<testsuite xmlns:xsi="http://www.w3.org/2001/XMLSchema-instance" xsi:noNamespaceSchemaLocation="https://maven.apache.org/surefire/maven-surefire-plugin/xsd/surefire-test-report-3.0.xsd" version="3.0" name="com.simpleweb.SimpleHttpServerTest" time="1.044" tests="12" errors="0" skipped="0" failures="0">
  <properties>
[...]
</properties>
  <testcase name="testServerIsRunning" classname="com.simpleweb.SimpleHttpServerTest" time="0.028">
    <system-err><![CDATA[Apr 08, 2026 2:35:48 PM com.simpleweb.SimpleHttpServerTest findAvailablePort
INFO: Found available port: 8081
Apr 08, 2026 2:35:48 PM com.simpleweb.SimpleHttpServerTest setUp
INFO: ? Starting test server on port 8081
Apr 08, 2026 2:35:48 PM com.simpleweb.SimpleHttpServer start
INFO: ? Server started successfully on http://localhost:8081
Apr 08, 2026 2:35:48 PM com.simpleweb.SimpleHttpServer start
INFO: ? Serving files from directory: C:\Users\Lenovo\Desktop\agile_mid_practise\web
Apr 08, 2026 2:35:48 PM com.simpleweb.SimpleHttpServer start
INFO: ? Press Ctrl+C to stop the server
Apr 08, 2026 2:35:48 PM com.simpleweb.SimpleHttpServerTest waitForServerReady
INFO: ? Server is ready on port 8081
]]></system-err>
  </testcase>
  <testcase name="testHomePageReturns200" classname="com.simpleweb.SimpleHttpServerTest" time="0.004"/>
  <testcase name="testIndexHtmlContent" classname="com.simpleweb.SimpleHttpServerTest" time="0.008"/>
  <testcase name="testHtmlContainsStyles" classname="com.simpleweb.SimpleHttpServerTest" time="0.004"/>
  <testcase name="testNavigationLinks" classname="com.simpleweb.SimpleHttpServerTest" time="0.004"/>
  <testcase name="testResponsiveMetaTag" classname="com.simpleweb.SimpleHttpServerTest" time="0.004"/>
  <testcase name="test404PageForNonExistentRoute" classname="com.simpleweb.SimpleHttpServerTest" time="0.005"/>
  <testcase name="testContentTypeHeaders" classname="com.simpleweb.SimpleHttpServerTest" time="0.004"/>
  <testcase name="testPageContainsInteractiveElements" classname="com.simpleweb.SimpleHttpServerTest" time="0.006"/>
  <testcase name="testServerResponseTime" classname="com.simpleweb.SimpleHttpServerTest" time="0.003">
    <system-err><![CDATA[Apr 08, 2026 2:35:48 PM com.simpleweb.SimpleHttpServerTest testServerResponseTime
INFO: Response time: 1 ms
]]></system-err>
  </testcase>
  <testcase name="testHtmlStructure" classname="com.simpleweb.SimpleHttpServerTest" time="0.005"/>
  <testcase name="testServesStaticFiles" classname="com.simpleweb.SimpleHttpServerTest" time="0.004"/>
</testsuite>